i:1 c:0
i:2 c:2
i:3 c:3
i:4 c:4
i:5 c:5
i:6 c:6
i:7 c:7
i:8 c:8
i:9 c:9
i:10 c:13
i:11 c:15
i:12 c:16
i:13 c:17
i:14 c:18
i:15 c:19
i:16 c:20
i:1 from:1 to:7 (0,7)
i:1 w:1 to:7
i:2 from:2 to:10 (2,13)
i:2 w:1 to:10
i:3 from:4 to:16 (4,20)
i:3 w:1 to:16
i:4 from:5 to:8 (5,8)
i:4 w:1 to:8
i:5 from:5 to:13 (5,17)
i:5 w:1 to:13
i:6 from:6 to:11 (6,15)
i:6 w:1 to:11
i:7 from:11 to:13 (15,17)
i:7 w:2 to:13
i:8 from:12 to:9 (16,9)
i:10 w:12 [9,16]
i:9 from:14 to:3 (18,3)
i:4 w:14 [3,18]
i:10 from:15 to:14 (19,18)
i:15 w:15 [14,19]
4
